<?xml version="1.0" encoding="UTF-8"?>
<!-- Generated by org.testng.reporters.JUnitReportReporter -->
<testsuite hostname="PAVANKUMAR" failures="0" tests="3" name="com.lamdatest.tests.WelcomeTest" time="80.946" errors="0" timestamp="12 Jun 2023 09:53:42 GMT">
  <testcase classname="com.lamdatest.tests.WelcomeTest" name="Scenario_2Test" time="16.680"/>
  <testcase classname="com.lamdatest.tests.WelcomeTest" name="Scenario_3Test" time="27.101"/>
  <testcase classname="com.lamdatest.tests.WelcomeTest" name="Scenario_1Test" time="37.165"/>
</testsuite> <!-- com.lamdatest.tests.WelcomeTest -->
